{
"contracts/BasicNFT.sol":{"l":{"13":3,"17":1,"18":1,"19":1,"23":2,"29":1},"path":"/home/cako/Escritorio/hardhatsetupSmartContracts/nft-hardhat/contracts/BasicNFT.sol","s":{"1":3,"2":1,"3":1,"4":1,"5":2,"6":1},"b":{},"f":{"1":3,"2":1,"3":2,"4":1},"fnMap":{"1":{"name":"constructor","line":12,"loc":{"start":{"line":12,"column":4},"end":{"line":14,"column":4}}},"2":{"name":"mintNFT","line":16,"loc":{"start":{"line":16,"column":4},"end":{"line":20,"column":4}}},"3":{"name":"getTokenCounter","line":22,"loc":{"start":{"line":22,"column":4},"end":{"line":24,"column":4}}},"4":{"name":"tokenURI","line":26,"loc":{"start":{"line":26,"column":4},"end":{"line":30,"column":4}}}},"statementMap":{"1":{"start":{"line":13,"column":8},"end":{"line":13,"column":25}},"2":{"start":{"line":17,"column":8},"end":{"line":17,"column":44}},"3":{"start":{"line":18,"column":8},"end":{"line":18,"column":42}},"4":{"start":{"line":19,"column":8},"end":{"line":19,"column":29}},"5":{"start":{"line":23,"column":8},"end":{"line":23,"column":29}},"6":{"start":{"line":29,"column":8},"end":{"line":29,"column":24}}},"branchMap":{}},
"contracts/RandomIpfsNft.sol":{"l":{"64":3,"65":3,"66":3,"67":3,"68":3,"69":3,"73":3,"74":1,"76":2,"83":2,"84":2,"91":1,"92":1,"94":1,"100":1,"101":1,"102":1,"103":1,"104":1,"108":0,"109":0,"110":0,"111":0,"120":1,"121":1,"122":1,"123":3,"127":1,"129":2,"131":0,"135":1,"142":2,"150":1,"154":2},"path":"/home/cako/Escritorio/hardhatsetupSmartContracts/nft-hardhat/contracts/RandomIpfsNft.sol","s":{"1":3,"2":3,"3":3,"4":3,"5":3,"6":3,"7":3,"8":2,"9":2,"10":2,"11":1,"12":1,"13":1,"14":1,"15":1,"16":1,"17":1,"18":1,"19":0,"20":0,"21":0,"22":1,"23":1,"24":1,"25":3,"26":1,"27":2,"28":1,"29":2,"30":1,"31":2},"b":{"1":[1,2],"2":[0,0],"3":[1,2]},"f":{"1":3,"2":3,"3":1,"4":0,"5":1,"6":1,"7":2,"8":1,"9":2},"fnMap":{"1":{"name":"constructor","line":63,"loc":{"start":{"line":56,"column":4},"end":{"line":70,"column":4}}},"2":{"name":"requestNft","line":72,"loc":{"start":{"line":72,"column":4},"end":{"line":85,"column":4}}},"3":{"name":"fulfillRandomWords","line":87,"loc":{"start":{"line":87,"column":4},"end":{"line":105,"column":4}}},"4":{"name":"withdraw","line":107,"loc":{"start":{"line":107,"column":4},"end":{"line":113,"column":4}}},"5":{"name":"getBreedFromModdedRng","line":115,"loc":{"start":{"line":115,"column":4},"end":{"line":132,"column":4}}},"6":{"name":"getChanceArray","line":134,"loc":{"start":{"line":134,"column":4},"end":{"line":139,"column":4}}},"7":{"name":"getMintFee","line":141,"loc":{"start":{"line":141,"column":4},"end":{"line":143,"column":4}}},"8":{"name":"getGoblinTokenUris","line":145,"loc":{"start":{"line":145,"column":4},"end":{"line":151,"column":4}}},"9":{"name":"getTokenCounter","line":153,"loc":{"start":{"line":153,"column":4},"end":{"line":155,"column":4}}}},"statementMap":{"1":{"start":{"line":64,"column":8},"end":{"line":64,"column":69}},"2":{"start":{"line":65,"column":8},"end":{"line":65,"column":40}},"3":{"start":{"line":66,"column":8},"end":{"line":66,"column":26}},"4":{"start":{"line":67,"column":8},"end":{"line":67,"column":44}},"5":{"start":{"line":68,"column":8},"end":{"line":68,"column":42}},"6":{"start":{"line":69,"column":8},"end":{"line":69,"column":26}},"7":{"start":{"line":73,"column":8},"end":{"line":73,"column":2459}},"8":{"start":{"line":76,"column":8},"end":{"line":76,"column":2559}},"9":{"start":{"line":83,"column":8},"end":{"line":83,"column":50}},"10":{"start":{"line":84,"column":8},"end":{"line":84,"column":48}},"11":{"start":{"line":91,"column":8},"end":{"line":91,"column":60}},"12":{"start":{"line":92,"column":8},"end":{"line":92,"column":43}},"13":{"start":{"line":94,"column":8},"end":{"line":94,"column":61}},"14":{"start":{"line":100,"column":8},"end":{"line":100,"column":60}},"15":{"start":{"line":101,"column":8},"end":{"line":101,"column":42}},"16":{"start":{"line":102,"column":8},"end":{"line":102,"column":41}},"17":{"start":{"line":103,"column":8},"end":{"line":103,"column":72}},"18":{"start":{"line":104,"column":8},"end":{"line":104,"column":48}},"19":{"start":{"line":108,"column":8},"end":{"line":108,"column":46}},"20":{"start":{"line":109,"column":8},"end":{"line":109,"column":70}},"21":{"start":{"line":110,"column":8},"end":{"line":110,"column":3800}},"22":{"start":{"line":120,"column":8},"end":{"line":120,"column":33}},"23":{"start":{"line":121,"column":8},"end":{"line":121,"column":56}},"24":{"start":{"line":122,"column":8},"end":{"line":122,"column":4098}},"25":{"start":{"line":123,"column":12},"end":{"line":123,"column":4165}},"26":{"start":{"line":127,"column":16},"end":{"line":127,"column":31}},"27":{"start":{"line":129,"column":12},"end":{"line":129,"column":42}},"28":{"start":{"line":135,"column":8},"end":{"line":135,"column":41}},"29":{"start":{"line":142,"column":8},"end":{"line":142,"column":24}},"30":{"start":{"line":150,"column":8},"end":{"line":150,"column":39}},"31":{"start":{"line":154,"column":8},"end":{"line":154,"column":29}}},"branchMap":{"1":{"line":73,"type":"if","locations":[{"start":{"line":73,"column":8},"end":{"line":73,"column":8}},{"start":{"line":73,"column":8},"end":{"line":73,"column":8}}]},"2":{"line":110,"type":"if","locations":[{"start":{"line":110,"column":8},"end":{"line":110,"column":8}},{"start":{"line":110,"column":8},"end":{"line":110,"column":8}}]},"3":{"line":123,"type":"if","locations":[{"start":{"line":123,"column":12},"end":{"line":123,"column":12}},{"start":{"line":123,"column":12},"end":{"line":123,"column":12}}]}}},
"contracts/test/VRFCoordinatorV2Mock.sol":{"l":{},"path":"/home/cako/Escritorio/hardhatsetupSmartContracts/nft-hardhat/contracts/test/VRFCoordinatorV2Mock.sol","s":{},"b":{},"f":{},"fnMap":{},"statementMap":{},"branchMap":{}}}
