TN:
SF:/home/cako/Escritorio/hardhatsetupSmartContracts/nft-hardhat/contracts/BasicNFT.sol
FN:12,constructor
FN:16,mintNFT
FN:22,getTokenCounter
FN:26,tokenURI
FNF:4
FNH:4
FNDA:3,constructor
FNDA:1,mintNFT
FNDA:2,getTokenCounter
FNDA:1,tokenURI
DA:13,3
DA:17,1
DA:18,1
DA:19,1
DA:23,2
DA:29,1
LF:6
LH:6
BRF:0
BRH:0
end_of_record
TN:
SF:/home/cako/Escritorio/hardhatsetupSmartContracts/nft-hardhat/contracts/RandomIpfsNft.sol
FN:63,constructor
FN:72,requestNft
FN:87,fulfillRandomWords
FN:107,withdraw
FN:115,getBreedFromModdedRng
FN:134,getChanceArray
FN:141,getMintFee
FN:145,getGoblinTokenUris
FN:153,getTokenCounter
FNF:9
FNH:8
FNDA:3,constructor
FNDA:3,requestNft
FNDA:1,fulfillRandomWords
FNDA:0,withdraw
FNDA:1,getBreedFromModdedRng
FNDA:1,getChanceArray
FNDA:2,getMintFee
FNDA:1,getGoblinTokenUris
FNDA:2,getTokenCounter
DA:64,3
DA:65,3
DA:66,3
DA:67,3
DA:68,3
DA:69,3
DA:73,3
DA:74,1
DA:76,2
DA:83,2
DA:84,2
DA:91,1
DA:92,1
DA:94,1
DA:100,1
DA:101,1
DA:102,1
DA:103,1
DA:104,1
DA:108,0
DA:109,0
DA:110,0
DA:111,0
DA:120,1
DA:121,1
DA:122,1
DA:123,3
DA:127,1
DA:129,2
DA:131,0
DA:135,1
DA:142,2
DA:150,1
DA:154,2
LF:34
LH:29
BRDA:73,1,0,1
BRDA:73,1,1,2
BRDA:110,2,0,0
BRDA:110,2,1,0
BRDA:123,3,0,1
BRDA:123,3,1,2
BRF:6
BRH:4
end_of_record
TN:
SF:/home/cako/Escritorio/hardhatsetupSmartContracts/nft-hardhat/contracts/test/VRFCoordinatorV2Mock.sol
FNF:0
FNH:0
LF:0
LH:0
BRF:0
BRH:0
end_of_record
