{
"contracts/NFTMarketplace.sol":{"l":{"70":9,"71":1,"76":8,"77":8,"78":0,"81":8,"82":8,"94":4,"95":4,"96":1,"102":3,"103":3,"104":3,"110":3,"118":1,"119":1,"131":1,"132":1,"136":2,"137":2,"138":1,"140":1,"141":1,"143":1,"144":0,"156":1,"160":2,"168":1,"179":11,"180":11,"181":1,"183":10,"191":14,"192":14,"193":14,"194":2,"196":12,"200":9,"201":9,"202":3,"204":6},"path":"/home/cako/Escritorio/hardhatsetupSmartContracts/marketplace-nft/contracts/NFTMarketplace.sol","s":{"1":9,"2":8,"3":8,"4":8,"5":8,"6":4,"7":4,"8":3,"9":3,"10":3,"11":1,"12":1,"13":1,"14":2,"15":2,"16":1,"17":1,"18":1,"19":1,"20":2,"21":1,"22":11,"23":11,"24":14,"25":14,"26":14,"27":9,"28":9},"b":{"1":[1,8],"2":[0,8],"3":[1,3],"4":[1,1],"5":[0,1],"6":[1,10],"7":[2,12],"8":[3,6]},"f":{"1":3,"2":9,"3":4,"4":1,"5":1,"6":2,"7":1,"8":2,"9":1,"10":11,"11":14,"12":9},"fnMap":{"1":{"name":"constructor","line":53,"loc":{"start":{"line":53,"column":2},"end":{"line":53,"column":17}}},"2":{"name":"listItem","line":68,"loc":{"start":{"line":58,"column":2},"end":{"line":86,"column":2}}},"3":{"name":"buyItem","line":92,"loc":{"start":{"line":88,"column":2},"end":{"line":111,"column":2}}},"4":{"name":"cancelListing","line":116,"loc":{"start":{"line":113,"column":2},"end":{"line":120,"column":2}}},"5":{"name":"updateListing","line":129,"loc":{"start":{"line":122,"column":2},"end":{"line":133,"column":2}}},"6":{"name":"withdrawProceeds","line":135,"loc":{"start":{"line":135,"column":2},"end":{"line":146,"column":2}}},"7":{"name":"getListing","line":151,"loc":{"start":{"line":151,"column":2},"end":{"line":157,"column":2}}},"8":{"name":"getProceeds","line":159,"loc":{"start":{"line":159,"column":2},"end":{"line":161,"column":2}}},"9":{"name":"getNftPrice","line":163,"loc":{"start":{"line":163,"column":2},"end":{"line":169,"column":2}}},"10":{"name":"notListed","line":174,"loc":{"start":{"line":174,"column":2},"end":{"line":184,"column":2}}},"11":{"name":"isOwner","line":186,"loc":{"start":{"line":186,"column":2},"end":{"line":197,"column":2}}},"12":{"name":"isListed","line":199,"loc":{"start":{"line":199,"column":2},"end":{"line":205,"column":2}}}},"statementMap":{"1":{"start":{"line":70,"column":4},"end":{"line":70,"column":1877}},"2":{"start":{"line":76,"column":4},"end":{"line":76,"column":37}},"3":{"start":{"line":77,"column":4},"end":{"line":77,"column":2180}},"4":{"start":{"line":81,"column":4},"end":{"line":81,"column":63}},"5":{"start":{"line":82,"column":4},"end":{"line":82,"column":59}},"6":{"start":{"line":94,"column":4},"end":{"line":94,"column":63}},"7":{"start":{"line":95,"column":4},"end":{"line":95,"column":2734}},"8":{"start":{"line":102,"column":4},"end":{"line":102,"column":76}},"9":{"start":{"line":104,"column":4},"end":{"line":104,"column":3181}},"10":{"start":{"line":110,"column":4},"end":{"line":110,"column":70}},"11":{"start":{"line":119,"column":4},"end":{"line":119,"column":54}},"12":{"start":{"line":131,"column":4},"end":{"line":131,"column":51}},"13":{"start":{"line":132,"column":4},"end":{"line":132,"column":62}},"14":{"start":{"line":136,"column":4},"end":{"line":136,"column":45}},"15":{"start":{"line":137,"column":4},"end":{"line":137,"column":4087}},"16":{"start":{"line":140,"column":4},"end":{"line":140,"column":29}},"17":{"start":{"line":141,"column":4},"end":{"line":141,"column":68}},"18":{"start":{"line":143,"column":4},"end":{"line":143,"column":4264}},"19":{"start":{"line":156,"column":4},"end":{"line":156,"column":42}},"20":{"start":{"line":160,"column":4},"end":{"line":160,"column":29}},"21":{"start":{"line":168,"column":4},"end":{"line":168,"column":48}},"22":{"start":{"line":179,"column":4},"end":{"line":179,"column":60}},"23":{"start":{"line":180,"column":4},"end":{"line":180,"column":5061}},"24":{"start":{"line":191,"column":4},"end":{"line":191,"column":37}},"25":{"start":{"line":192,"column":4},"end":{"line":192,"column":40}},"26":{"start":{"line":193,"column":4},"end":{"line":193,"column":5344}},"27":{"start":{"line":200,"column":4},"end":{"line":200,"column":60}},"28":{"start":{"line":201,"column":4},"end":{"line":201,"column":5552}}},"branchMap":{"1":{"line":70,"type":"if","locations":[{"start":{"line":70,"column":4},"end":{"line":70,"column":4}},{"start":{"line":70,"column":4},"end":{"line":70,"column":4}}]},"2":{"line":77,"type":"if","locations":[{"start":{"line":77,"column":4},"end":{"line":77,"column":4}},{"start":{"line":77,"column":4},"end":{"line":77,"column":4}}]},"3":{"line":95,"type":"if","locations":[{"start":{"line":95,"column":4},"end":{"line":95,"column":4}},{"start":{"line":95,"column":4},"end":{"line":95,"column":4}}]},"4":{"line":137,"type":"if","locations":[{"start":{"line":137,"column":4},"end":{"line":137,"column":4}},{"start":{"line":137,"column":4},"end":{"line":137,"column":4}}]},"5":{"line":143,"type":"if","locations":[{"start":{"line":143,"column":4},"end":{"line":143,"column":4}},{"start":{"line":143,"column":4},"end":{"line":143,"column":4}}]},"6":{"line":180,"type":"if","locations":[{"start":{"line":180,"column":4},"end":{"line":180,"column":4}},{"start":{"line":180,"column":4},"end":{"line":180,"column":4}}]},"7":{"line":193,"type":"if","locations":[{"start":{"line":193,"column":4},"end":{"line":193,"column":4}},{"start":{"line":193,"column":4},"end":{"line":193,"column":4}}]},"8":{"line":201,"type":"if","locations":[{"start":{"line":201,"column":4},"end":{"line":201,"column":4}},{"start":{"line":201,"column":4},"end":{"line":201,"column":4}}]}}},
"contracts/test/BasicNft.sol":{"l":{"14":3,"18":14,"19":14,"20":14,"29":0,"33":0,"37":0},"path":"/home/cako/Escritorio/hardhatsetupSmartContracts/marketplace-nft/contracts/test/BasicNft.sol","s":{"1":3,"2":14,"3":14,"4":14,"5":0,"6":0,"7":0},"b":{"1":[0,0]},"f":{"1":3,"2":14,"3":0,"4":0},"fnMap":{"1":{"name":"constructor","line":13,"loc":{"start":{"line":13,"column":2},"end":{"line":15,"column":2}}},"2":{"name":"mintNft","line":17,"loc":{"start":{"line":17,"column":2},"end":{"line":21,"column":2}}},"3":{"name":"tokenURI","line":23,"loc":{"start":{"line":23,"column":2},"end":{"line":34,"column":2}}},"4":{"name":"getTokenCounter","line":36,"loc":{"start":{"line":36,"column":2},"end":{"line":38,"column":2}}}},"statementMap":{"1":{"start":{"line":14,"column":4},"end":{"line":14,"column":21}},"2":{"start":{"line":18,"column":4},"end":{"line":18,"column":40}},"3":{"start":{"line":19,"column":4},"end":{"line":19,"column":34}},"4":{"start":{"line":20,"column":4},"end":{"line":20,"column":38}},"5":{"start":{"line":29,"column":4},"end":{"line":29,"column":694}},"6":{"start":{"line":33,"column":4},"end":{"line":33,"column":20}},"7":{"start":{"line":37,"column":4},"end":{"line":37,"column":25}}},"branchMap":{"1":{"line":29,"type":"if","locations":[{"start":{"line":29,"column":4},"end":{"line":29,"column":4}},{"start":{"line":29,"column":4},"end":{"line":29,"column":4}}]}}}}
