TN:
SF:/home/cako/Escritorio/hardhatsetupSmartContracts/marketplace-nft/contracts/NFTMarketplace.sol
FN:53,constructor
FN:68,listItem
FN:92,buyItem
FN:116,cancelListing
FN:129,updateListing
FN:135,withdrawProceeds
FN:151,getListing
FN:159,getProceeds
FN:163,getNftPrice
FN:174,notListed
FN:186,isOwner
FN:199,isListed
FNF:12
FNH:12
FNDA:3,constructor
FNDA:9,listItem
FNDA:4,buyItem
FNDA:1,cancelListing
FNDA:1,updateListing
FNDA:2,withdrawProceeds
FNDA:1,getListing
FNDA:2,getProceeds
FNDA:1,getNftPrice
FNDA:11,notListed
FNDA:14,isOwner
FNDA:9,isListed
DA:70,9
DA:71,1
DA:76,8
DA:77,8
DA:78,0
DA:81,8
DA:82,8
DA:94,4
DA:95,4
DA:96,1
DA:102,3
DA:103,3
DA:104,3
DA:110,3
DA:118,1
DA:119,1
DA:131,1
DA:132,1
DA:136,2
DA:137,2
DA:138,1
DA:140,1
DA:141,1
DA:143,1
DA:144,0
DA:156,1
DA:160,2
DA:168,1
DA:179,11
DA:180,11
DA:181,1
DA:183,10
DA:191,14
DA:192,14
DA:193,14
DA:194,2
DA:196,12
DA:200,9
DA:201,9
DA:202,3
DA:204,6
LF:41
LH:39
BRDA:70,1,0,1
BRDA:70,1,1,8
BRDA:77,2,0,0
BRDA:77,2,1,8
BRDA:95,3,0,1
BRDA:95,3,1,3
BRDA:137,4,0,1
BRDA:137,4,1,1
BRDA:143,5,0,0
BRDA:143,5,1,1
BRDA:180,6,0,1
BRDA:180,6,1,10
BRDA:193,7,0,2
BRDA:193,7,1,12
BRDA:201,8,0,3
BRDA:201,8,1,6
BRF:16
BRH:14
end_of_record
TN:
SF:/home/cako/Escritorio/hardhatsetupSmartContracts/marketplace-nft/contracts/test/BasicNft.sol
FN:13,constructor
FN:17,mintNft
FN:23,tokenURI
FN:36,getTokenCounter
FNF:4
FNH:2
FNDA:3,constructor
FNDA:14,mintNft
FNDA:0,tokenURI
FNDA:0,getTokenCounter
DA:14,3
DA:18,14
DA:19,14
DA:20,14
DA:29,0
DA:33,0
DA:37,0
LF:7
LH:4
BRDA:29,1,0,0
BRDA:29,1,1,0
BRF:2
BRH:0
end_of_record
